<?xml version="1.0" encoding="UTF-8"?>
<testng-results ignored="0" total="1" passed="1" failed="0" skipped="0">
  <reporter-output>
  </reporter-output>
  <suite started-at="2025-10-16T12:10:01 GMT-04:00" name="Surefire suite" finished-at="2025-10-16T12:10:06 GMT-04:00" duration-ms="5555">
    <groups>
    </groups>
    <test started-at="2025-10-16T12:10:01 GMT-04:00" name="Surefire test" finished-at="2025-10-16T12:10:06 GMT-04:00" duration-ms="5555">
      <class name="proj_bat.Page_Test">
        <test-method signature="f()[pri:0, instance:proj_bat.Page_Test@8b96fde]" started-at="2025-10-16T12:10:01 GMT-04:00" name="f" finished-at="2025-10-16T12:10:06 GMT-04:00" duration-ms="5514" status="PASS">
          <reporter-output>
          </reporter-output>
        </test-method> <!-- f -->
      </class> <!-- proj_bat.Page_Test -->
    </test> <!-- Surefire test -->
  </suite> <!-- Surefire suite -->
</testng-results>
