<?xml version="1.0" encoding="UTF-8"?>
<testng-results ignored="0" total="1" passed="1" failed="0" skipped="0">
  <reporter-output>
  </reporter-output>
  <suite started-at="2025-10-15T12:26:40 GMT-04:00" name="Default suite" finished-at="2025-10-15T12:26:44 GMT-04:00" duration-ms="4646">
    <groups>
    </groups>
    <test started-at="2025-10-15T12:26:40 GMT-04:00" name="Default test" finished-at="2025-10-15T12:26:44 GMT-04:00" duration-ms="4646">
      <class name="proj_bat.Test_bat">
        <test-method signature="f()[pri:0, instance:proj_bat.Test_bat@4c583ecf]" started-at="2025-10-15T12:26:40 GMT-04:00" name="f" finished-at="2025-10-15T12:26:44 GMT-04:00" duration-ms="4601" status="PASS">
          <reporter-output>
          </reporter-output>
        </test-method> <!-- f -->
      </class> <!-- proj_bat.Test_bat -->
    </test> <!-- Default test -->
  </suite> <!-- Default suite -->
</testng-results>
